<?xml version="1.0" encoding="UTF-8"?>
<!-- Generated by org.testng.reporters.JUnitReportReporter -->
<testsuite hostname="Sunitas-MacBook-Air.local" failures="0" tests="1" name="com.tm.TestCases.TestCases_MyInfo" time="23.770" errors="0" timestamp="06 Jan 2020 02:56:57 GMT" skipped="0">
  <testcase classname="com.tm.TestCases.TestCases_MyInfo" name="TC10_AddDependent" time="23.770"/>
</testsuite> <!-- com.tm.TestCases.TestCases_MyInfo -->
