<?xml version="1.0" encoding="UTF-8"?>
<!-- Generated by org.testng.reporters.JUnitReportReporter -->
<testsuite hostname="Sunitas-MacBook-Air.local" failures="0" tests="2" name="com.tm.TestCases.TestCases_Leave" time="29.989" errors="0" timestamp="06 Jan 2020 02:56:57 GMT" skipped="0">
  <testcase classname="com.tm.TestCases.TestCases_Leave" name="TC101_verifyLoginFunctionality" time="9.526"/>
  <testcase classname="com.tm.TestCases.TestCases_Leave" name="TC102_ApplyLeave" time="20.463"/>
</testsuite> <!-- com.tm.TestCases.TestCases_Leave -->
